[2022-07-16 03:11:13,976] {taskinstance.py:1179} INFO - Dependencies all met for <TaskInstance: attraction_taskflow_api_etl.load manual__2022-07-16T03:10:52.982268+00:00 [queued]>
[2022-07-16 03:11:13,987] {taskinstance.py:1179} INFO - Dependencies all met for <TaskInstance: attraction_taskflow_api_etl.load manual__2022-07-16T03:10:52.982268+00:00 [queued]>
[2022-07-16 03:11:13,988] {taskinstance.py:1376} INFO - 
--------------------------------------------------------------------------------
[2022-07-16 03:11:13,988] {taskinstance.py:1377} INFO - Starting attempt 1 of 1
[2022-07-16 03:11:13,989] {taskinstance.py:1378} INFO - 
--------------------------------------------------------------------------------
[2022-07-16 03:11:14,005] {taskinstance.py:1397} INFO - Executing <Task(_PythonDecoratedOperator): load> on 2022-07-16 03:10:52.982268+00:00
[2022-07-16 03:11:14,011] {standard_task_runner.py:52} INFO - Started process 23853 to run task
[2022-07-16 03:11:14,018] {standard_task_runner.py:79} INFO - Running: ['***', 'tasks', 'run', 'attraction_taskflow_api_etl', 'load', 'manual__2022-07-16T03:10:52.982268+00:00', '--job-id', '48', '--raw', '--subdir', 'DAGS_FOLDER/atrraction_api_extract.py', '--cfg-path', '/tmp/tmpz381496l', '--error-file', '/tmp/tmp3s47gdcq']
[2022-07-16 03:11:14,021] {standard_task_runner.py:80} INFO - Job 48: Subtask load
[2022-07-16 03:11:14,297] {task_command.py:371} INFO - Running <TaskInstance: attraction_taskflow_api_etl.load manual__2022-07-16T03:10:52.982268+00:00 [running]> on host 608c485e41f3
[2022-07-16 03:11:14,691] {taskinstance.py:1591} INFO - Exporting the following env vars:
AIRFLOW_CTX_DAG_OWNER=***
AIRFLOW_CTX_DAG_ID=attraction_taskflow_api_etl
AIRFLOW_CTX_TASK_ID=load
AIRFLOW_CTX_EXECUTION_DATE=2022-07-16T03:10:52.982268+00:00
AIRFLOW_CTX_TRY_NUMBER=1
AIRFLOW_CTX_DAG_RUN_ID=manual__2022-07-16T03:10:52.982268+00:00
[2022-07-16 03:11:14,693] {logging_mixin.py:115} INFO - /opt/***/dags/credentials.json
[2022-07-16 03:11:23,542] {python.py:173} INFO - Done. Returned value was: None
[2022-07-16 03:11:23,562] {taskinstance.py:1420} INFO - Marking task as SUCCESS. dag_id=attraction_taskflow_api_etl, task_id=load, execution_date=20220716T031052, start_date=20220716T031113, end_date=20220716T031123
[2022-07-16 03:11:23,666] {local_task_job.py:156} INFO - Task exited with return code 0
[2022-07-16 03:11:23,933] {local_task_job.py:273} INFO - 0 downstream tasks scheduled from follow-on schedule check
