[2022-07-16 06:31:24,341] {taskinstance.py:1179} INFO - Dependencies all met for <TaskInstance: attraction_taskflow_api_etl.load manual__2022-07-16T06:30:28.200779+00:00 [queued]>
[2022-07-16 06:31:24,357] {taskinstance.py:1179} INFO - Dependencies all met for <TaskInstance: attraction_taskflow_api_etl.load manual__2022-07-16T06:30:28.200779+00:00 [queued]>
[2022-07-16 06:31:24,358] {taskinstance.py:1376} INFO - 
--------------------------------------------------------------------------------
[2022-07-16 06:31:24,359] {taskinstance.py:1377} INFO - Starting attempt 1 of 1
[2022-07-16 06:31:24,360] {taskinstance.py:1378} INFO - 
--------------------------------------------------------------------------------
[2022-07-16 06:31:24,378] {taskinstance.py:1397} INFO - Executing <Task(_PythonDecoratedOperator): load> on 2022-07-16 06:30:28.200779+00:00
[2022-07-16 06:31:24,384] {standard_task_runner.py:52} INFO - Started process 31076 to run task
[2022-07-16 06:31:24,389] {standard_task_runner.py:79} INFO - Running: ['***', 'tasks', 'run', 'attraction_taskflow_api_etl', 'load', 'manual__2022-07-16T06:30:28.200779+00:00', '--job-id', '51', '--raw', '--subdir', 'DAGS_FOLDER/atrraction_api_extract.py', '--cfg-path', '/tmp/tmpzfmq_4ns', '--error-file', '/tmp/tmp8k_s8sd_']
[2022-07-16 06:31:24,392] {standard_task_runner.py:80} INFO - Job 51: Subtask load
[2022-07-16 06:31:24,651] {task_command.py:371} INFO - Running <TaskInstance: attraction_taskflow_api_etl.load manual__2022-07-16T06:30:28.200779+00:00 [running]> on host 608c485e41f3
[2022-07-16 06:31:25,034] {taskinstance.py:1591} INFO - Exporting the following env vars:
AIRFLOW_CTX_DAG_OWNER=***
AIRFLOW_CTX_DAG_ID=attraction_taskflow_api_etl
AIRFLOW_CTX_TASK_ID=load
AIRFLOW_CTX_EXECUTION_DATE=2022-07-16T06:30:28.200779+00:00
AIRFLOW_CTX_TRY_NUMBER=1
AIRFLOW_CTX_DAG_RUN_ID=manual__2022-07-16T06:30:28.200779+00:00
[2022-07-16 06:31:25,036] {logging_mixin.py:115} INFO - /opt/***/dags/credentials.json
[2022-07-16 06:31:31,813] {python.py:173} INFO - Done. Returned value was: None
[2022-07-16 06:31:31,844] {taskinstance.py:1420} INFO - Marking task as SUCCESS. dag_id=attraction_taskflow_api_etl, task_id=load, execution_date=20220716T063028, start_date=20220716T063124, end_date=20220716T063131
[2022-07-16 06:31:31,930] {local_task_job.py:156} INFO - Task exited with return code 0
[2022-07-16 06:31:32,122] {local_task_job.py:273} INFO - 1 downstream tasks scheduled from follow-on schedule check
