[2022-07-17 14:21:17,955] {taskinstance.py:1179} INFO - Dependencies all met for <TaskInstance: attraction_taskflow_api_etl.load manual__2022-07-17T14:21:02.674026+00:00 [queued]>
[2022-07-17 14:21:17,967] {taskinstance.py:1179} INFO - Dependencies all met for <TaskInstance: attraction_taskflow_api_etl.load manual__2022-07-17T14:21:02.674026+00:00 [queued]>
[2022-07-17 14:21:17,968] {taskinstance.py:1376} INFO - 
--------------------------------------------------------------------------------
[2022-07-17 14:21:17,970] {taskinstance.py:1377} INFO - Starting attempt 1 of 1
[2022-07-17 14:21:17,974] {taskinstance.py:1378} INFO - 
--------------------------------------------------------------------------------
[2022-07-17 14:21:18,003] {taskinstance.py:1397} INFO - Executing <Task(_PythonDecoratedOperator): load> on 2022-07-17 14:21:02.674026+00:00
[2022-07-17 14:21:18,014] {standard_task_runner.py:52} INFO - Started process 42955 to run task
[2022-07-17 14:21:18,018] {standard_task_runner.py:79} INFO - Running: ['***', 'tasks', 'run', 'attraction_taskflow_api_etl', 'load', 'manual__2022-07-17T14:21:02.674026+00:00', '--job-id', '58', '--raw', '--subdir', 'DAGS_FOLDER/atrraction_api_extract.py', '--cfg-path', '/tmp/tmpu6it_xl6', '--error-file', '/tmp/tmplbfkqd57']
[2022-07-17 14:21:18,021] {standard_task_runner.py:80} INFO - Job 58: Subtask load
[2022-07-17 14:21:18,332] {task_command.py:371} INFO - Running <TaskInstance: attraction_taskflow_api_etl.load manual__2022-07-17T14:21:02.674026+00:00 [running]> on host 608c485e41f3
[2022-07-17 14:21:19,233] {taskinstance.py:1591} INFO - Exporting the following env vars:
AIRFLOW_CTX_DAG_OWNER=***
AIRFLOW_CTX_DAG_ID=attraction_taskflow_api_etl
AIRFLOW_CTX_TASK_ID=load
AIRFLOW_CTX_EXECUTION_DATE=2022-07-17T14:21:02.674026+00:00
AIRFLOW_CTX_TRY_NUMBER=1
AIRFLOW_CTX_DAG_RUN_ID=manual__2022-07-17T14:21:02.674026+00:00
[2022-07-17 14:21:19,240] {logging_mixin.py:115} INFO - /opt/***/dags/credentials.json
[2022-07-17 14:21:29,645] {python.py:173} INFO - Done. Returned value was: None
[2022-07-17 14:21:29,665] {taskinstance.py:1420} INFO - Marking task as SUCCESS. dag_id=attraction_taskflow_api_etl, task_id=load, execution_date=20220717T142102, start_date=20220717T142117, end_date=20220717T142129
[2022-07-17 14:21:29,713] {local_task_job.py:156} INFO - Task exited with return code 0
[2022-07-17 14:21:29,960] {local_task_job.py:273} INFO - 0 downstream tasks scheduled from follow-on schedule check
